# JRE version: OpenJDK Runtime Environment (21.0.8) (build 21.0.8+-14196175-b1038.72)
# Java VM: OpenJDK 64-Bit Server VM (21.0.8+-14196175-b1038.72, mixed mode, tiered, compressed oops, compressed class ptrs, g1 gc, windows-amd64)
GC Precious Log:
 CardTable entry size: 512
 Card Set container configuration: InlinePtr #cards 4 size 8 Array Of Cards #cards 16 size 48 Howl #buckets 8 coarsen threshold 3686 Howl Bitmap #cards 512 size 80 coarsen threshold 460 Card regions per heap region 1 cards per card region 4096
 CPUs: 6 total, 6 available
 Memory: 16326M
 Large Page Support: Disabled
 NUMA Support: Disabled
 Compressed Oops: Enabled (Zero based)
 Heap Region Size: 2M
 Heap Min Capacity: 8M
 Heap Initial Capacity: 256M
 Heap Max Capacity: 4G
 Pre-touch: Disabled
 Parallel Workers: 6
 Concurrent Workers: 2
 Concurrent Refinement Workers: 6
 Periodic GC: Disabled
Heap:
 garbage-first heap   total 409600K, used 362496K [0x0000000700000000, 0x0000000800000000)
  region size 2048K, 58 young (118784K), 8 survivors (16384K)
 Metaspace       used 266283K, committed 269184K, reserved 1310720K
  class space    used 33718K, committed 35136K, reserved 1048576K
GC Heap History (20 events):
Event: 62.964 GC heap before
{Heap before GC invocations=67 (full 0):
 garbage-first heap   total 399360K, used 325209K [0x0000000700000000, 0x0000000800000000)
  region size 2048K, 47 young (96256K), 4 survivors (8192K)
 Metaspace       used 195769K, committed 198528K, reserved 1245184K
  class space    used 25636K, committed 27008K, reserved 1048576K
}
Event: 62.976 GC heap after
{Heap after GC invocations=68 (full 0):
 garbage-first heap   total 399360K, used 223683K [0x0000000700000000, 0x0000000800000000)
  region size 2048K, 5 young (10240K), 5 survivors (10240K)
 Metaspace       used 195769K, committed 198528K, reserved 1245184K
  class space    used 25636K, committed 27008K, reserved 1048576K
}
Event: 63.535 GC heap before
{Heap before GC invocations=68 (full 0):
 garbage-first heap   total 399360K, used 342467K [0x0000000700000000, 0x0000000800000000)
  region size 2048K, 63 young (129024K), 5 survivors (10240K)
 Metaspace       used 198408K, committed 201152K, reserved 1245184K
  class space    used 25866K, committed 27200K, reserved 1048576K
}
Event: 63.555 GC heap after
{Heap after GC invocations=69 (full 0):
 garbage-first heap   total 399360K, used 234771K [0x0000000700000000, 0x0000000800000000)
  region size 2048K, 8 young (16384K), 8 survivors (16384K)
 Metaspace       used 198408K, committed 201152K, reserved 1245184K
  class space    used 25866K, committed 27200K, reserved 1048576K
}
Event: 64.399 GC heap before
{Heap before GC invocations=69 (full 0):
 garbage-first heap   total 399360K, used 343315K [0x0000000700000000, 0x0000000800000000)
  region size 2048K, 62 young (126976K), 8 survivors (16384K)
 Metaspace       used 199062K, committed 201856K, reserved 1245184K
  class space    used 25931K, committed 27264K, reserved 1048576K
}
Event: 64.408 GC heap after
{Heap after GC invocations=70 (full 0):
 garbage-first heap   total 399360K, used 232529K [0x0000000700000000, 0x0000000800000000)
  region size 2048K, 4 young (8192K), 4 survivors (8192K)
 Metaspace       used 199062K, committed 201856K, reserved 1245184K
  class space    used 25931K, committed 27264K, reserved 1048576K
}
Event: 65.251 GC heap before
{Heap before GC invocations=71 (full 0):
 garbage-first heap   total 399360K, used 334929K [0x0000000700000000, 0x0000000800000000)
  region size 2048K, 62 young (126976K), 4 survivors (8192K)
 Metaspace       used 200599K, committed 203392K, reserved 1245184K
  class space    used 26141K, committed 27520K, reserved 1048576K
}
Event: 65.257 GC heap after
{Heap after GC invocations=72 (full 0):
 garbage-first heap   total 399360K, used 222398K [0x0000000700000000, 0x0000000800000000)
  region size 2048K, 6 young (12288K), 6 survivors (12288K)
 Metaspace       used 200599K, committed 203392K, reserved 1245184K
  class space    used 26141K, committed 27520K, reserved 1048576K
}
Event: 70.198 GC heap before
{Heap before GC invocations=72 (full 0):
 garbage-first heap   total 399360K, used 351422K [0x0000000700000000, 0x0000000800000000)
  region size 2048K, 70 young (143360K), 6 survivors (12288K)
 Metaspace       used 204893K, committed 207680K, reserved 1245184K
  class space    used 26603K, committed 27968K, reserved 1048576K
}
Event: 70.213 GC heap after
{Heap after GC invocations=73 (full 0):
 garbage-first heap   total 399360K, used 203948K [0x0000000700000000, 0x0000000800000000)
  region size 2048K, 7 young (14336K), 7 survivors (14336K)
 Metaspace       used 204893K, committed 207680K, reserved 1245184K
  class space    used 26603K, committed 27968K, reserved 1048576K
}
Event: 70.724 GC heap before
{Heap before GC invocations=73 (full 0):
 garbage-first heap   total 399360K, used 285868K [0x0000000700000000, 0x0000000800000000)
  region size 2048K, 49 young (100352K), 7 survivors (14336K)
 Metaspace       used 205763K, committed 208576K, reserved 1245184K
  class space    used 26675K, committed 28032K, reserved 1048576K
}
Event: 70.731 GC heap after
{Heap after GC invocations=74 (full 0):
 garbage-first heap   total 399360K, used 206453K [0x0000000700000000, 0x0000000800000000)
  region size 2048K, 5 young (10240K), 5 survivors (10240K)
 Metaspace       used 205763K, committed 208576K, reserved 1245184K
  class space    used 26675K, committed 28032K, reserved 1048576K
}
Event: 84.719 GC heap before
{Heap before GC invocations=75 (full 0):
 garbage-first heap   total 399360K, used 364149K [0x0000000700000000, 0x0000000800000000)
  region size 2048K, 82 young (167936K), 5 survivors (10240K)
 Metaspace       used 231313K, committed 234240K, reserved 1310720K
  class space    used 29908K, committed 31296K, reserved 1048576K
}
Event: 84.740 GC heap after
{Heap after GC invocations=76 (full 0):
 garbage-first heap   total 401408K, used 230584K [0x0000000700000000, 0x0000000800000000)
  region size 2048K, 11 young (22528K), 11 survivors (22528K)
 Metaspace       used 231313K, committed 234240K, reserved 1310720K
  class space    used 29908K, committed 31296K, reserved 1048576K
}
Event: 87.133 GC heap before
{Heap before GC invocations=76 (full 0):
 garbage-first heap   total 401408K, used 353464K [0x0000000700000000, 0x0000000800000000)
  region size 2048K, 72 young (147456K), 11 survivors (22528K)
 Metaspace       used 246640K, committed 249536K, reserved 1310720K
  class space    used 31558K, committed 32960K, reserved 1048576K
}
Event: 87.152 GC heap after
{Heap after GC invocations=77 (full 0):
 garbage-first heap   total 401408K, used 238751K [0x0000000700000000, 0x0000000800000000)
  region size 2048K, 7 young (14336K), 7 survivors (14336K)
 Metaspace       used 246640K, committed 249536K, reserved 1310720K
  class space    used 31558K, committed 32960K, reserved 1048576K
}
Event: 87.355 GC heap before
{Heap before GC invocations=77 (full 0):
 garbage-first heap   total 401408K, used 246943K [0x0000000700000000, 0x0000000800000000)
  region size 2048K, 12 young (24576K), 7 survivors (14336K)
 Metaspace       used 247619K, committed 250496K, reserved 1310720K
  class space    used 31685K, committed 33088K, reserved 1048576K
}
Event: 87.361 GC heap after
{Heap after GC invocations=78 (full 0):
 garbage-first heap   total 401408K, used 241450K [0x0000000700000000, 0x0000000800000000)
  region size 2048K, 2 young (4096K), 2 survivors (4096K)
 Metaspace       used 247619K, committed 250496K, reserved 1310720K
  class space    used 31685K, committed 33088K, reserved 1048576K
}
Event: 89.266 GC heap before
{Heap before GC invocations=79 (full 0):
 garbage-first heap   total 409600K, used 364330K [0x0000000700000000, 0x0000000800000000)
  region size 2048K, 61 young (124928K), 2 survivors (4096K)
 Metaspace       used 260841K, committed 263744K, reserved 1310720K
  class space    used 33265K, committed 34688K, reserved 1048576K
}
Event: 89.278 GC heap after
{Heap after GC invocations=80 (full 0):
 garbage-first heap   total 409600K, used 262144K [0x0000000700000000, 0x0000000800000000)
  region size 2048K, 8 young (16384K), 8 survivors (16384K)
 Metaspace       used 260841K, committed 263744K, reserved 1310720K
  class space    used 33265K, committed 34688K, reserved 1048576K
}

